#
# A fatal error has been detected by the Java Runtime Environment:
#
#  EXCEPTION_ACCESS_VIOLATION (0xc0000005) at pc=0x00007ffd62981661, pid=10176, tid=14996
#
# JRE version: Java(TM) SE Runtime Environment (19.0+36) (build 19+36-2238)
# Java VM: Java HotSpot(TM) 64-Bit Server VM (19+36-2238, mixed mode, sharing, tiered, compressed oops, compressed class ptrs, g1 gc, windows-amd64)
# Problematic frame:
# C  [flatlaf-windows-x86_64-10085027561541000.dll+0x1661]
#
# No core dump will be written. Minidumps are not enabled by default on client versions of Windows
#
# If you would like to submit a bug report, please visit:
#   https://bugreport.java.com/bugreport/crash.jsp
# The crash happened outside the Java Virtual Machine in native code.
# See problematic frame for where to report the bug.
#

---------------  S U M M A R Y ------------

Command Line: -Dfile.encoding=UTF-8 -DDATABASE_NAME=baseball -DDATABASE_PASSWORD=hectico2511 -DDATABASE_USERNAME=postgres -DDATABASE_PORT=5433 --module-path=C:\Users\Hector Angel Gomez\Desktop\Proyectos\BD_Final\bd_final_project\build\classes;C:\Users\Hector Angel Gomez\Desktop\Proyectos\BD_Final\bd_final_project\lib\postgresql-42.6.0.jar cu.edu.cujae.structbd.Main

Host: 11th Gen Intel(R) Core(TM) i7-1165G7 @ 2.80GHz, 8 cores, 15G,  Windows 11 , 64 bit Build 22000 (10.0.22000.1516)
Time: Fri May 19 13:01:54 2023 Cuba Daylight Time elapsed time: 73.866282 seconds (0d 0h 1m 13s)

---------------  T H R E A D  ---------------

Current thread (0x0000013b45f12d60):  JavaThread "AWT-Windows" daemon [_thread_in_native, id=14996, stack(0x0000000310a00000,0x0000000310b00000)]

Stack: [0x0000000310a00000,0x0000000310b00000],  sp=0x0000000310afecd0,  free space=1019k
Native frames: (J=compiled Java code, j=interpreted, Vv=VM code, C=native code)
C  [flatlaf-windows-x86_64-10085027561541000.dll+0x1661]

Java frames: (J=compiled Java code, j=interpreted, Vv=VM code)
j  sun.awt.windows.WToolkit.eventLoop()V+0 java.desktop@19
j  sun.awt.windows.WToolkit.run()V+50 java.desktop@19
j  java.lang.Thread.run()V+13 java.base@19
v  ~StubRoutines::call_stub 0x0000013b2dd710e8

siginfo: EXCEPTION_ACCESS_VIOLATION (0xc0000005), reading address 0x0000000000000020


Registers:
RAX=0x0000000000000000, RBX=0x0000000000009803, RCX=0x0000000000000000, RDX=0x0000000000030306
RSP=0x0000000310afecd0, RBP=0x0000000000030306, RSI=0x0000000000000000, RDI=0x0000000000000000
R8 =0x0000000000009803, R9 =0x0000000000000000, R10=0x0000013b46578ea0, R11=0x00000000000d04b6
R12=0x0000000000000000, R13=0x0000000000009803, R14=0x0000000000000000, R15=0x00000000000d04b6
RIP=0x00007ffd62981661, EFLAGS=0x0000000000010202


Register to memory mapping:

RIP=0x00007ffd62981661 flatlaf-windows-x86_64-10085027561541000.dll
RAX=0x0 is NULL
RBX=0x0000000000009803 is an unknown value
RCX=0x0 is NULL
RDX=0x0000000000030306 is an unknown value
RSP=0x0000000310afecd0 is pointing into the stack for thread: 0x0000013b45f12d60
RBP=0x0000000000030306 is an unknown value
RSI=0x0 is NULL
RDI=0x0 is NULL
R8 =0x0000000000009803 is an unknown value
R9 =0x0 is NULL
R10=0x0000013b46578ea0 points into unknown readable memory: 0x0000000000020304 | 04 03 02 00 00 00 00 00
R11=0x00000000000d04b6 is an unknown value
R12=0x0 is NULL
R13=0x0000000000009803 is an unknown value
R14=0x0 is NULL
R15=0x00000000000d04b6 is an unknown value


Top of Stack: (sp=0x0000000310afecd0)
0x0000000310afecd0:   0000000000000003 0000000000000003
0x0000000310afece0:   0000000310afedf0 0000013b483c8300
0x0000000310afecf0:   0000013b46561bc0 00007ffd629810c5
0x0000000310afed00:   0000000310afeef0 0000013b2dd710e8
0x0000000310afed10:   0000000000000000 0000000000000000
0x0000000310afed20:   0000000000000000 00007ffd629813f4
0x0000000310afed30:   00000000000d04b6 0000000000030306
0x0000000310afed40:   0000000000009803 0000000000000000
0x0000000310afed50:   00000000000d04b6 0000000000000000
0x0000000310afed60:   0000000080000022 00007ffd67df1cec
0x0000000310afed70:   0000000000000001 0000000310afef38
0x0000000310afed80:   0000000000000000 0000000000000000
0x0000000310afed90:   0000000000000000 0000000000000000
0x0000000310afeda0:   0000000000000000 0000000000000000
0x0000000310afedb0:   0000000000000000 0000000000000000
0x0000000310afedc0:   8000002200000000 0000000000000000 

Instructions: (pc=0x00007ffd62981661)
0x00007ffd62981561:   b9 5c 00 00 00 8b d8 ff 15 22 1b 00 00 8b d3 b9
0x00007ffd62981571:   21 00 00 00 8b f8 ff 15 13 1b 00 00 03 f8 44 3b
0x00007ffd62981581:   f7 7d 18 ba f0 ff ff ff 48 8b cd ff 15 3e 1b 00
0x00007ffd62981591:   00 0f ba e0 12 73 04 b3 01 eb 02 32 db 48 8b 4e
0x00007ffd629815a1:   08 48 85 c9 75 32 48 8b 0e 48 8d 56 08 41 b8 02
0x00007ffd629815b1:   00 01 00 48 8b 01 ff 50 30 48 8b 4e 08 48 85 c9
0x00007ffd629815c1:   75 16 b8 01 00 00 00 84 db b9 0c 00 00 00 0f 45
0x00007ffd629815d1:   c1 48 98 e9 a0 00 00 00 4c 8b 05 28 2a 00 00 45
0x00007ffd629815e1:   8b cf 48 8b 56 10 0f b6 c3 89 44 24 28 44 89 74
0x00007ffd629815f1:   24 20 e8 58 fd ff ff 48 98 eb 7d 81 fb a5 00 00
0x00007ffd62981601:   00 74 3f 81 fb 20 03 00 00 75 55 48 8b 49 08 48
0x00007ffd62981611:   85 c9 75 1c 48 8b 0e 48 8d 56 08 41 b8 02 00 01
0x00007ffd62981621:   00 48 8b 01 ff 50 30 48 8b 4e 08 48 85 c9 74 30
0x00007ffd62981631:   4c 8b 05 e0 29 00 00 48 8b 56 10 e8 3f fd ff ff
0x00007ffd62981641:   eb 1e 49 8d 41 fe 48 83 f8 01 77 14 49 8b c7 45
0x00007ffd62981651:   0f bf c7 48 c1 e8 10 44 0f bf c8 e8 df 04 00 00
0x00007ffd62981661:   48 8b 4e 20 44 8b c3 4c 89 7c 24 20 4c 8b cf 48
0x00007ffd62981671:   8b d5 ff 15 47 1a 00 00 48 8b 5c 24 60 48 8b 6c
0x00007ffd62981681:   24 68 48 8b 74 24 70 48 83 c4 40 41 5f 41 5e 5f
0x00007ffd62981691:   c3 cc cc cc cc cc cc cc cc cc cc cc cc cc cc 48
0x00007ffd629816a1:   89 7c 24 18 4c 89 74 24 20 55 48 8d 6c 24 b1 48
0x00007ffd629816b1:   81 ec c0 00 00 00 48 8b f9 48 8b 49 20 4c 8b f2
0x00007ffd629816c1:   49 83 f9 01 74 14 48 8b 45 7f 48 89 44 24 20 ff
0x00007ffd629816d1:   15 ea 19 00 00 e9 da 01 00 00 48 89 9c 24 d0 00
0x00007ffd629816e1:   00 00 41 b9 01 00 00 00 48 8b 5d 7f 48 89 b4 24
0x00007ffd629816f1:   d8 00 00 00 48 89 5c 24 20 8b 73 04 ff 15 bd 19
0x00007ffd62981701:   00 00 48 85 c0 0f 85 99 01 00 00 49 8b ce 89 73
0x00007ffd62981711:   04 ff 15 90 19 00 00 85 c0 0f 84 83 01 00 00 48
0x00007ffd62981721:   8b 4f 08 48 85 c9 75 1c 48 8b 0f 48 8d 57 08 41
0x00007ffd62981731:   b8 02 00 01 00 48 8b 01 ff 50 30 48 8b 4f 08 48
0x00007ffd62981741:   85 c9 74 1b 4c 8b 05 c4 28 00 00 48 8b 57 10 e8
0x00007ffd62981751:   cb fb ff ff 0f b6 c0 85 c0 0f 85 43 01 00 00 48 


Stack slot to memory mapping:
stack at sp + 0 slots: 0x0000000000000003 is an unknown value
stack at sp + 1 slots: 0x0000000000000003 is an unknown value
stack at sp + 2 slots: 0x0000000310afedf0 is pointing into the stack for thread: 0x0000013b45f12d60
stack at sp + 3 slots: 0x0000013b483c8300 points into unknown readable memory: 0x00007ffd68581988 | 88 19 58 68 fd 7f 00 00
stack at sp + 4 slots: 0x0000013b46561bc0 points into unknown readable memory: 0x0000001400000001 | 01 00 00 00 14 00 00 00
stack at sp + 5 slots: 0x00007ffd629810c5 flatlaf-windows-x86_64-10085027561541000.dll
stack at sp + 6 slots: 0x0000000310afeef0 is pointing into the stack for thread: 0x0000013b45f12d60
stack at sp + 7 slots: 0x0000013b2dd710e8 is at begin+403 in a stub
StubRoutines::call_stub [0x0000013b2dd70f55, 0x0000013b2dd7127c] (807 bytes)


---------------  P R O C E S S  ---------------

Threads class SMR info:
_java_thread_list=0x0000013b466f8f00, length=18, elements={
0x0000013b41adb9a0, 0x0000013b41ade4d0, 0x0000013b41adf230, 0x0000013b41ae3c70,
0x0000013b41ae4830, 0x0000013b41ae53f0, 0x0000013b41ae6970, 0x0000013b41af0ec0,
0x0000013b41b14af0, 0x0000013b41ab1240, 0x0000013b45ebbea0, 0x0000013b45eb1400,
0x0000013b45f12820, 0x0000013b45f12d60, 0x0000013b4638bc90, 0x0000013b1e8e4350,
0x0000013b46687f80, 0x0000013b4637f550
}

Java Threads: ( => current thread )
  0x0000013b41adb9a0 JavaThread "Reference Handler" daemon [_thread_blocked, id=4904, stack(0x000000030fb00000,0x000000030fc00000)]
  0x0000013b41ade4d0 JavaThread "Finalizer" daemon [_thread_blocked, id=14580, stack(0x000000030fc00000,0x000000030fd00000)]
  0x0000013b41adf230 JavaThread "Signal Dispatcher" daemon [_thread_blocked, id=1408, stack(0x000000030fd00000,0x000000030fe00000)]
  0x0000013b41ae3c70 JavaThread "Attach Listener" daemon [_thread_blocked, id=17684, stack(0x000000030fe00000,0x000000030ff00000)]
  0x0000013b41ae4830 JavaThread "Service Thread" daemon [_thread_blocked, id=9092, stack(0x000000030ff00000,0x0000000310000000)]
  0x0000013b41ae53f0 JavaThread "Monitor Deflation Thread" daemon [_thread_blocked, id=9372, stack(0x0000000310000000,0x0000000310100000)]
  0x0000013b41ae6970 JavaThread "C2 CompilerThread0" daemon [_thread_blocked, id=13656, stack(0x0000000310100000,0x0000000310200000)]
  0x0000013b41af0ec0 JavaThread "C1 CompilerThread0" daemon [_thread_blocked, id=14124, stack(0x0000000310200000,0x0000000310300000)]
  0x0000013b41b14af0 JavaThread "Sweeper thread" daemon [_thread_blocked, id=13456, stack(0x0000000310300000,0x0000000310400000)]
  0x0000013b41ab1240 JavaThread "Common-Cleaner" daemon [_thread_blocked, id=6048, stack(0x0000000310400000,0x0000000310500000)]
  0x0000013b45ebbea0 JavaThread "Notification Thread" daemon [_thread_blocked, id=6304, stack(0x0000000310500000,0x0000000310600000)]
  0x0000013b45eb1400 JavaThread "Java2D Disposer" daemon [_thread_blocked, id=19156, stack(0x0000000310800000,0x0000000310900000)]
  0x0000013b45f12820 JavaThread "AWT-Shutdown" [_thread_blocked, id=4492, stack(0x0000000310900000,0x0000000310a00000)]
=>0x0000013b45f12d60 JavaThread "AWT-Windows" daemon [_thread_in_native, id=14996, stack(0x0000000310a00000,0x0000000310b00000)]
  0x0000013b4638bc90 JavaThread "AWT-EventQueue-0" [_thread_in_native, id=9128, stack(0x0000000310b00000,0x0000000310c00000)]
  0x0000013b1e8e4350 JavaThread "DestroyJavaVM" [_thread_blocked, id=2136, stack(0x000000030f400000,0x000000030f500000)]
  0x0000013b46687f80 JavaThread "TimerQueue" daemon [_thread_blocked, id=19416, stack(0x0000000311000000,0x0000000311100000)]
  0x0000013b4637f550 JavaThread "PostgreSQL-JDBC-Cleaner" daemon [_thread_blocked, id=3972, stack(0x0000000311700000,0x0000000311800000)]

Other Threads:
  0x0000013b41ac0d40 VMThread "VM Thread" [stack: 0x000000030fa00000,0x000000030fb00000] [id=17036]
  0x0000013b1e8e5040 WatcherThread "VM Periodic Task Thread" [stack: 0x0000000310600000,0x0000000310700000] [id=16708]
  0x0000013b1e953330 WorkerThread "GC Thread#0" [stack: 0x000000030f500000,0x000000030f600000] [id=15432]
  0x0000013b4637f280 WorkerThread "GC Thread#1" [stack: 0x0000000310f00000,0x0000000311000000] [id=16068]
  0x0000013b45d44f10 WorkerThread "GC Thread#2" [stack: 0x0000000311100000,0x0000000311200000] [id=13336]
  0x0000013b45d454b0 WorkerThread "GC Thread#3" [stack: 0x0000000311200000,0x0000000311300000] [id=1664]
  0x0000013b45d46b30 WorkerThread "GC Thread#4" [stack: 0x0000000311300000,0x0000000311400000] [id=14552]
  0x0000013b45d462c0 WorkerThread "GC Thread#5" [stack: 0x0000000311400000,0x0000000311500000] [id=13612]
  0x0000013b45d45780 WorkerThread "GC Thread#6" [stack: 0x0000000311500000,0x0000000311600000] [id=14172]
  0x0000013b45d46590 WorkerThread "GC Thread#7" [stack: 0x0000000311600000,0x0000000311700000] [id=18828]
  0x0000013b1e964da0 ConcurrentGCThread "G1 Main Marker" [stack: 0x000000030f600000,0x000000030f700000] [id=12820]
  0x0000013b1e9657d0 WorkerThread "G1 Conc#0" [stack: 0x000000030f700000,0x000000030f800000] [id=10540]
  0x0000013b1e9ae310 ConcurrentGCThread "G1 Refine#0" [stack: 0x000000030f800000,0x000000030f900000] [id=4940]
  0x0000013b4197e540 ConcurrentGCThread "G1 Service" [stack: 0x000000030f900000,0x000000030fa00000] [id=2864]

Threads with active compile tasks:

VM state: not at safepoint (normal execution)

VM Mutex/Monitor currently owned by a thread: None

Heap address: 0x0000000705000000, size: 4016 MB, Compressed Oops mode: Zero based, Oop shift amount: 3

CDS archive(s) mapped at: [0x0000000800000000-0x0000000800c40000-0x0000000800c40000), size 12845056, SharedBaseAddress: 0x0000000800000000, ArchiveRelocationMode: 0.
Compressed class space mapped at: 0x0000000801000000-0x0000000841000000, reserved size: 1073741824
Narrow klass base: 0x0000000800000000, Narrow klass shift: 0, Narrow klass range: 0x100000000

GC Precious Log:
 CardTable entry size: 512
 Card Set container configuration: InlinePtr #cards 4 size 8 Array Of Cards #cards 8 size 32 Howl #buckets 8 coarsen threshold 3686 Howl Bitmap #cards 512 size 80 coarsen threshold 460 Card regions per heap region 1 cards per card region 4096
 CPUs: 8 total, 8 available
 Memory: 16057M
 Large Page Support: Disabled
 NUMA Support: Disabled
 Compressed Oops: Enabled (Zero based)
 Heap Region Size: 2M
 Heap Min Capacity: 8M
 Heap Initial Capacity: 252M
 Heap Max Capacity: 4016M
 Pre-touch: Disabled
 Parallel Workers: 8
 Concurrent Workers: 2
 Concurrent Refinement Workers: 8
 Periodic GC: Disabled

Heap:
 garbage-first heap   total 258048K, used 24719K [0x0000000705000000, 0x0000000800000000)
  region size 2048K, 9 young (18432K), 2 survivors (4096K)
 Metaspace       used 17617K, committed 17920K, reserved 1114112K
  class space    used 1967K, committed 2112K, reserved 1048576K

Heap Regions: E=young(eden), S=young(survivor), O=old, HS=humongous(starts), HC=humongous(continues), CS=collection set, F=free, OA=open archive, CA=closed archive, TAMS=top-at-mark-start (previous, next)
|   0|0x0000000705000000, 0x0000000705200000, 0x0000000705200000|100%| O|  |TAMS 0x0000000705000000, 0x0000000705000000| Untracked 
|   1|0x0000000705200000, 0x0000000705223c00, 0x0000000705400000|  6%| O|  |TAMS 0x0000000705200000, 0x0000000705200000| Untracked 
|   2|0x0000000705400000, 0x0000000705600000, 0x0000000705600000|100%|HS|  |TAMS 0x0000000705400000, 0x0000000705400000| Complete 
|   3|0x0000000705600000, 0x0000000705800000, 0x0000000705800000|100%|HS|  |TAMS 0x0000000705600000, 0x0000000705600000| Complete 
|   4|0x0000000705800000, 0x0000000705a00000, 0x0000000705a00000|100%|HC|  |TAMS 0x0000000705800000, 0x0000000705800000| Complete 
|   5|0x0000000705a00000, 0x0000000705a00000, 0x0000000705c00000|  0%| F|  |TAMS 0x0000000705a00000, 0x0000000705a00000| Untracked 
|   6|0x0000000705c00000, 0x0000000705c00000, 0x0000000705e00000|  0%| F|  |TAMS 0x0000000705c00000, 0x0000000705c00000| Untracked 
|   7|0x0000000705e00000, 0x0000000705e00000, 0x0000000706000000|  0%| F|  |TAMS 0x0000000705e00000, 0x0000000705e00000| Untracked 
|   8|0x0000000706000000, 0x0000000706000000, 0x0000000706200000|  0%| F|  |TAMS 0x0000000706000000, 0x0000000706000000| Untracked 
|   9|0x0000000706200000, 0x0000000706200000, 0x0000000706400000|  0%| F|  |TAMS 0x0000000706200000, 0x0000000706200000| Untracked 
|  10|0x0000000706400000, 0x0000000706400000, 0x0000000706600000|  0%| F|  |TAMS 0x0000000706400000, 0x0000000706400000| Untracked 
|  11|0x0000000706600000, 0x0000000706600000, 0x0000000706800000|  0%| F|  |TAMS 0x0000000706600000, 0x0000000706600000| Untracked 
|  12|0x0000000706800000, 0x0000000706800000, 0x0000000706a00000|  0%| F|  |TAMS 0x0000000706800000, 0x0000000706800000| Untracked 
|  13|0x0000000706a00000, 0x0000000706a00000, 0x0000000706c00000|  0%| F|  |TAMS 0x0000000706a00000, 0x0000000706a00000| Untracked 
|  14|0x0000000706c00000, 0x0000000706c00000, 0x0000000706e00000|  0%| F|  |TAMS 0x0000000706c00000, 0x0000000706c00000| Untracked 
|  15|0x0000000706e00000, 0x0000000706e00000, 0x0000000707000000|  0%| F|  |TAMS 0x0000000706e00000, 0x0000000706e00000| Untracked 
|  16|0x0000000707000000, 0x0000000707000000, 0x0000000707200000|  0%| F|  |TAMS 0x0000000707000000, 0x0000000707000000| Untracked 
|  17|0x0000000707200000, 0x0000000707200000, 0x0000000707400000|  0%| F|  |TAMS 0x0000000707200000, 0x0000000707200000| Untracked 
|  18|0x0000000707400000, 0x0000000707400000, 0x0000000707600000|  0%| F|  |TAMS 0x0000000707400000, 0x0000000707400000| Untracked 
|  19|0x0000000707600000, 0x0000000707600000, 0x0000000707800000|  0%| F|  |TAMS 0x0000000707600000, 0x0000000707600000| Untracked 
|  20|0x0000000707800000, 0x0000000707800000, 0x0000000707a00000|  0%| F|  |TAMS 0x0000000707800000, 0x0000000707800000| Untracked 
|  21|0x0000000707a00000, 0x0000000707a00000, 0x0000000707c00000|  0%| F|  |TAMS 0x0000000707a00000, 0x0000000707a00000| Untracked 
|  22|0x0000000707c00000, 0x0000000707c00000, 0x0000000707e00000|  0%| F|  |TAMS 0x0000000707c00000, 0x0000000707c00000| Untracked 
|  23|0x0000000707e00000, 0x0000000707e00000, 0x0000000708000000|  0%| F|  |TAMS 0x0000000707e00000, 0x0000000707e00000| Untracked 
|  24|0x0000000708000000, 0x0000000708000000, 0x0000000708200000|  0%| F|  |TAMS 0x0000000708000000, 0x0000000708000000| Untracked 
|  25|0x0000000708200000, 0x0000000708200000, 0x0000000708400000|  0%| F|  |TAMS 0x0000000708200000, 0x0000000708200000| Untracked 
|  26|0x0000000708400000, 0x0000000708400000, 0x0000000708600000|  0%| F|  |TAMS 0x0000000708400000, 0x0000000708400000| Untracked 
|  27|0x0000000708600000, 0x0000000708600000, 0x0000000708800000|  0%| F|  |TAMS 0x0000000708600000, 0x0000000708600000| Untracked 
|  28|0x0000000708800000, 0x0000000708800000, 0x0000000708a00000|  0%| F|  |TAMS 0x0000000708800000, 0x0000000708800000| Untracked 
|  29|0x0000000708a00000, 0x0000000708a00000, 0x0000000708c00000|  0%| F|  |TAMS 0x0000000708a00000, 0x0000000708a00000| Untracked 
|  30|0x0000000708c00000, 0x0000000708c00000, 0x0000000708e00000|  0%| F|  |TAMS 0x0000000708c00000, 0x0000000708c00000| Untracked 
|  31|0x0000000708e00000, 0x0000000708e00000, 0x0000000709000000|  0%| F|  |TAMS 0x0000000708e00000, 0x0000000708e00000| Untracked 
|  32|0x0000000709000000, 0x0000000709000000, 0x0000000709200000|  0%| F|  |TAMS 0x0000000709000000, 0x0000000709000000| Untracked 
|  33|0x0000000709200000, 0x0000000709200000, 0x0000000709400000|  0%| F|  |TAMS 0x0000000709200000, 0x0000000709200000| Untracked 
|  34|0x0000000709400000, 0x0000000709400000, 0x0000000709600000|  0%| F|  |TAMS 0x0000000709400000, 0x0000000709400000| Untracked 
|  35|0x0000000709600000, 0x0000000709600000, 0x0000000709800000|  0%| F|  |TAMS 0x0000000709600000, 0x0000000709600000| Untracked 
|  36|0x0000000709800000, 0x0000000709800000, 0x0000000709a00000|  0%| F|  |TAMS 0x0000000709800000, 0x0000000709800000| Untracked 
|  37|0x0000000709a00000, 0x0000000709a00000, 0x0000000709c00000|  0%| F|  |TAMS 0x0000000709a00000, 0x0000000709a00000| Untracked 
|  38|0x0000000709c00000, 0x0000000709c00000, 0x0000000709e00000|  0%| F|  |TAMS 0x0000000709c00000, 0x0000000709c00000| Untracked 
|  39|0x0000000709e00000, 0x0000000709e00000, 0x000000070a000000|  0%| F|  |TAMS 0x0000000709e00000, 0x0000000709e00000| Untracked 
|  40|0x000000070a000000, 0x000000070a000000, 0x000000070a200000|  0%| F|  |TAMS 0x000000070a000000, 0x000000070a000000| Untracked 
|  41|0x000000070a200000, 0x000000070a200000, 0x000000070a400000|  0%| F|  |TAMS 0x000000070a200000, 0x000000070a200000| Untracked 
|  42|0x000000070a400000, 0x000000070a400000, 0x000000070a600000|  0%| F|  |TAMS 0x000000070a400000, 0x000000070a400000| Untracked 
|  43|0x000000070a600000, 0x000000070a600000, 0x000000070a800000|  0%| F|  |TAMS 0x000000070a600000, 0x000000070a600000| Untracked 
|  44|0x000000070a800000, 0x000000070a800000, 0x000000070aa00000|  0%| F|  |TAMS 0x000000070a800000, 0x000000070a800000| Untracked 
|  45|0x000000070aa00000, 0x000000070aa00000, 0x000000070ac00000|  0%| F|  |TAMS 0x000000070aa00000, 0x000000070aa00000| Untracked 
|  46|0x000000070ac00000, 0x000000070ac00000, 0x000000070ae00000|  0%| F|  |TAMS 0x000000070ac00000, 0x000000070ac00000| Untracked 
|  47|0x000000070ae00000, 0x000000070ae00000, 0x000000070b000000|  0%| F|  |TAMS 0x000000070ae00000, 0x000000070ae00000| Untracked 
|  48|0x000000070b000000, 0x000000070b000000, 0x000000070b200000|  0%| F|  |TAMS 0x000000070b000000, 0x000000070b000000| Untracked 
|  49|0x000000070b200000, 0x000000070b200000, 0x000000070b400000|  0%| F|  |TAMS 0x000000070b200000, 0x000000070b200000| Untracked 
|  50|0x000000070b400000, 0x000000070b400000, 0x000000070b600000|  0%| F|  |TAMS 0x000000070b400000, 0x000000070b400000| Untracked 
|  51|0x000000070b600000, 0x000000070b600000, 0x000000070b800000|  0%| F|  |TAMS 0x000000070b600000, 0x000000070b600000| Untracked 
|  52|0x000000070b800000, 0x000000070b800000, 0x000000070ba00000|  0%| F|  |TAMS 0x000000070b800000, 0x000000070b800000| Untracked 
|  53|0x000000070ba00000, 0x000000070ba00000, 0x000000070bc00000|  0%| F|  |TAMS 0x000000070ba00000, 0x000000070ba00000| Untracked 
|  54|0x000000070bc00000, 0x000000070bc00000, 0x000000070be00000|  0%| F|  |TAMS 0x000000070bc00000, 0x000000070bc00000| Untracked 
|  55|0x000000070be00000, 0x000000070be00000, 0x000000070c000000|  0%| F|  |TAMS 0x000000070be00000, 0x000000070be00000| Untracked 
|  56|0x000000070c000000, 0x000000070c000000, 0x000000070c200000|  0%| F|  |TAMS 0x000000070c000000, 0x000000070c000000| Untracked 
|  57|0x000000070c200000, 0x000000070c200000, 0x000000070c400000|  0%| F|  |TAMS 0x000000070c200000, 0x000000070c200000| Untracked 
|  58|0x000000070c400000, 0x000000070c400000, 0x000000070c600000|  0%| F|  |TAMS 0x000000070c400000, 0x000000070c400000| Untracked 
|  59|0x000000070c600000, 0x000000070c600000, 0x000000070c800000|  0%| F|  |TAMS 0x000000070c600000, 0x000000070c600000| Untracked 
|  60|0x000000070c800000, 0x000000070c800000, 0x000000070ca00000|  0%| F|  |TAMS 0x000000070c800000, 0x000000070c800000| Untracked 
|  61|0x000000070ca00000, 0x000000070ca00000, 0x000000070cc00000|  0%| F|  |TAMS 0x000000070ca00000, 0x000000070ca00000| Untracked 
|  62|0x000000070cc00000, 0x000000070cc00000, 0x000000070ce00000|  0%| F|  |TAMS 0x000000070cc00000, 0x000000070cc00000| Untracked 
|  63|0x000000070ce00000, 0x000000070ce00000, 0x000000070d000000|  0%| F|  |TAMS 0x000000070ce00000, 0x000000070ce00000| Untracked 
|  64|0x000000070d000000, 0x000000070d000000, 0x000000070d200000|  0%| F|  |TAMS 0x000000070d000000, 0x000000070d000000| Untracked 
|  65|0x000000070d200000, 0x000000070d200000, 0x000000070d400000|  0%| F|  |TAMS 0x000000070d200000, 0x000000070d200000| Untracked 
|  66|0x000000070d400000, 0x000000070d400000, 0x000000070d600000|  0%| F|  |TAMS 0x000000070d400000, 0x000000070d400000| Untracked 
|  67|0x000000070d600000, 0x000000070d600000, 0x000000070d800000|  0%| F|  |TAMS 0x000000070d600000, 0x000000070d600000| Untracked 
|  68|0x000000070d800000, 0x000000070d800000, 0x000000070da00000|  0%| F|  |TAMS 0x000000070d800000, 0x000000070d800000| Untracked 
|  69|0x000000070da00000, 0x000000070da00000, 0x000000070dc00000|  0%| F|  |TAMS 0x000000070da00000, 0x000000070da00000| Untracked 
|  70|0x000000070dc00000, 0x000000070dc00000, 0x000000070de00000|  0%| F|  |TAMS 0x000000070dc00000, 0x000000070dc00000| Untracked 
|  71|0x000000070de00000, 0x000000070de00000, 0x000000070e000000|  0%| F|  |TAMS 0x000000070de00000, 0x000000070de00000| Untracked 
|  72|0x000000070e000000, 0x000000070e000000, 0x000000070e200000|  0%| F|  |TAMS 0x000000070e000000, 0x000000070e000000| Untracked 
|  73|0x000000070e200000, 0x000000070e200000, 0x000000070e400000|  0%| F|  |TAMS 0x000000070e200000, 0x000000070e200000| Untracked 
|  74|0x000000070e400000, 0x000000070e400000, 0x000000070e600000|  0%| F|  |TAMS 0x000000070e400000, 0x000000070e400000| Untracked 
|  75|0x000000070e600000, 0x000000070e600000, 0x000000070e800000|  0%| F|  |TAMS 0x000000070e600000, 0x000000070e600000| Untracked 
|  76|0x000000070e800000, 0x000000070e800000, 0x000000070ea00000|  0%| F|  |TAMS 0x000000070e800000, 0x000000070e800000| Untracked 
|  77|0x000000070ea00000, 0x000000070ea00000, 0x000000070ec00000|  0%| F|  |TAMS 0x000000070ea00000, 0x000000070ea00000| Untracked 
|  78|0x000000070ec00000, 0x000000070ec00000, 0x000000070ee00000|  0%| F|  |TAMS 0x000000070ec00000, 0x000000070ec00000| Untracked 
|  79|0x000000070ee00000, 0x000000070ee00000, 0x000000070f000000|  0%| F|  |TAMS 0x000000070ee00000, 0x000000070ee00000| Untracked 
|  80|0x000000070f000000, 0x000000070f000000, 0x000000070f200000|  0%| F|  |TAMS 0x000000070f000000, 0x000000070f000000| Untracked 
|  81|0x000000070f200000, 0x000000070f200000, 0x000000070f400000|  0%| F|  |TAMS 0x000000070f200000, 0x000000070f200000| Untracked 
|  82|0x000000070f400000, 0x000000070f400000, 0x000000070f600000|  0%| F|  |TAMS 0x000000070f400000, 0x000000070f400000| Untracked 
|  83|0x000000070f600000, 0x000000070f600000, 0x000000070f800000|  0%| F|  |TAMS 0x000000070f600000, 0x000000070f600000| Untracked 
|  84|0x000000070f800000, 0x000000070f800000, 0x000000070fa00000|  0%| F|  |TAMS 0x000000070f800000, 0x000000070f800000| Untracked 
|  85|0x000000070fa00000, 0x000000070fa00000, 0x000000070fc00000|  0%| F|  |TAMS 0x000000070fa00000, 0x000000070fa00000| Untracked 
|  86|0x000000070fc00000, 0x000000070fc00000, 0x000000070fe00000|  0%| F|  |TAMS 0x000000070fc00000, 0x000000070fc00000| Untracked 
|  87|0x000000070fe00000, 0x000000070fe00000, 0x0000000710000000|  0%| F|  |TAMS 0x000000070fe00000, 0x000000070fe00000| Untracked 
|  88|0x0000000710000000, 0x0000000710000000, 0x0000000710200000|  0%| F|  |TAMS 0x0000000710000000, 0x0000000710000000| Untracked 
|  89|0x0000000710200000, 0x0000000710200000, 0x0000000710400000|  0%| F|  |TAMS 0x0000000710200000, 0x0000000710200000| Untracked 
|  90|0x0000000710400000, 0x0000000710400000, 0x0000000710600000|  0%| F|  |TAMS 0x0000000710400000, 0x0000000710400000| Untracked 
|  91|0x0000000710600000, 0x0000000710600000, 0x0000000710800000|  0%| F|  |TAMS 0x0000000710600000, 0x0000000710600000| Untracked 
|  92|0x0000000710800000, 0x0000000710800000, 0x0000000710a00000|  0%| F|  |TAMS 0x0000000710800000, 0x0000000710800000| Untracked 
|  93|0x0000000710a00000, 0x0000000710a00000, 0x0000000710c00000|  0%| F|  |TAMS 0x0000000710a00000, 0x0000000710a00000| Untracked 
|  94|0x0000000710c00000, 0x0000000710c00000, 0x0000000710e00000|  0%| F|  |TAMS 0x0000000710c00000, 0x0000000710c00000| Untracked 
|  95|0x0000000710e00000, 0x0000000710e00000, 0x0000000711000000|  0%| F|  |TAMS 0x0000000710e00000, 0x0000000710e00000| Untracked 
|  96|0x0000000711000000, 0x0000000711000000, 0x0000000711200000|  0%| F|  |TAMS 0x0000000711000000, 0x0000000711000000| Untracked 
|  97|0x0000000711200000, 0x0000000711200000, 0x0000000711400000|  0%| F|  |TAMS 0x0000000711200000, 0x0000000711200000| Untracked 
|  98|0x0000000711400000, 0x0000000711400000, 0x0000000711600000|  0%| F|  |TAMS 0x0000000711400000, 0x0000000711400000| Untracked 
|  99|0x0000000711600000, 0x0000000711600000, 0x0000000711800000|  0%| F|  |TAMS 0x0000000711600000, 0x0000000711600000| Untracked 
| 100|0x0000000711800000, 0x0000000711800000, 0x0000000711a00000|  0%| F|  |TAMS 0x0000000711800000, 0x0000000711800000| Untracked 
| 101|0x0000000711a00000, 0x0000000711a00000, 0x0000000711c00000|  0%| F|  |TAMS 0x0000000711a00000, 0x0000000711a00000| Untracked 
| 102|0x0000000711c00000, 0x0000000711c00000, 0x0000000711e00000|  0%| F|  |TAMS 0x0000000711c00000, 0x0000000711c00000| Untracked 
| 103|0x0000000711e00000, 0x0000000711e00000, 0x0000000712000000|  0%| F|  |TAMS 0x0000000711e00000, 0x0000000711e00000| Untracked 
| 104|0x0000000712000000, 0x0000000712000000, 0x0000000712200000|  0%| F|  |TAMS 0x0000000712000000, 0x0000000712000000| Untracked 
| 105|0x0000000712200000, 0x0000000712200000, 0x0000000712400000|  0%| F|  |TAMS 0x0000000712200000, 0x0000000712200000| Untracked 
| 106|0x0000000712400000, 0x0000000712400000, 0x0000000712600000|  0%| F|  |TAMS 0x0000000712400000, 0x0000000712400000| Untracked 
| 107|0x0000000712600000, 0x0000000712600000, 0x0000000712800000|  0%| F|  |TAMS 0x0000000712600000, 0x0000000712600000| Untracked 
| 108|0x0000000712800000, 0x0000000712800000, 0x0000000712a00000|  0%| F|  |TAMS 0x0000000712800000, 0x0000000712800000| Untracked 
| 109|0x0000000712a00000, 0x0000000712a00000, 0x0000000712c00000|  0%| F|  |TAMS 0x0000000712a00000, 0x0000000712a00000| Untracked 
| 110|0x0000000712c00000, 0x0000000712c00000, 0x0000000712e00000|  0%| F|  |TAMS 0x0000000712c00000, 0x0000000712c00000| Untracked 
| 111|0x0000000712e00000, 0x0000000712e00000, 0x0000000713000000|  0%| F|  |TAMS 0x0000000712e00000, 0x0000000712e00000| Untracked 
| 112|0x0000000713000000, 0x0000000713000000, 0x0000000713200000|  0%| F|  |TAMS 0x0000000713000000, 0x0000000713000000| Untracked 
| 113|0x0000000713200000, 0x0000000713400000, 0x0000000713400000|100%| S|CS|TAMS 0x0000000713200000, 0x0000000713200000| Complete 
| 114|0x0000000713400000, 0x0000000713600000, 0x0000000713600000|100%| S|CS|TAMS 0x0000000713400000, 0x0000000713400000| Complete 
| 115|0x0000000713600000, 0x0000000713600000, 0x0000000713800000|  0%| F|  |TAMS 0x0000000713600000, 0x0000000713600000| Untracked 
| 116|0x0000000713800000, 0x0000000713800000, 0x0000000713a00000|  0%| F|  |TAMS 0x0000000713800000, 0x0000000713800000| Untracked 
| 117|0x0000000713a00000, 0x0000000713a00000, 0x0000000713c00000|  0%| F|  |TAMS 0x0000000713a00000, 0x0000000713a00000| Untracked 
| 118|0x0000000713c00000, 0x0000000713c00000, 0x0000000713e00000|  0%| F|  |TAMS 0x0000000713c00000, 0x0000000713c00000| Untracked 
| 119|0x0000000713e00000, 0x0000000713fa26f8, 0x0000000714000000| 81%| E|  |TAMS 0x0000000713e00000, 0x0000000713e00000| Complete 
| 120|0x0000000714000000, 0x0000000714200000, 0x0000000714200000|100%| E|CS|TAMS 0x0000000714000000, 0x0000000714000000| Complete 
| 121|0x0000000714200000, 0x0000000714400000, 0x0000000714400000|100%| E|CS|TAMS 0x0000000714200000, 0x0000000714200000| Complete 
| 122|0x0000000714400000, 0x0000000714600000, 0x0000000714600000|100%| E|CS|TAMS 0x0000000714400000, 0x0000000714400000| Complete 
| 123|0x0000000714600000, 0x0000000714800000, 0x0000000714800000|100%| E|CS|TAMS 0x0000000714600000, 0x0000000714600000| Complete 
| 124|0x0000000714800000, 0x0000000714a00000, 0x0000000714a00000|100%| E|CS|TAMS 0x0000000714800000, 0x0000000714800000| Complete 
| 125|0x0000000714a00000, 0x0000000714c00000, 0x0000000714c00000|100%| E|CS|TAMS 0x0000000714a00000, 0x0000000714a00000| Complete 

Card table byte_map: [0x0000013b36350000,0x0000013b36b30000] _byte_map_base: 0x0000013b32b28000

Marking Bits (Prev, Next): (CMBitMap*) 0x0000013b1e954970, (CMBitMap*) 0x0000013b1e9549b0
 Prev Bits: [0x0000013b37310000, 0x0000013b3b1d0000)
 Next Bits: [0x0000013b3b1d0000, 0x0000013b3f090000)

Polling page: 0x0000013b1c8b0000

Metaspace:

Usage:
  Non-class:     15.28 MB used.
      Class:      1.92 MB used.
       Both:     17.20 MB used.

Virtual space:
  Non-class space:       64.00 MB reserved,      15.44 MB ( 24%) committed,  1 nodes.
      Class space:        1.00 GB reserved,       2.06 MB ( <1%) committed,  1 nodes.
             Both:        1.06 GB reserved,      17.50 MB (  2%) committed. 

Chunk freelists:
   Non-Class:  216.00 KB
       Class:  1.95 MB
        Both:  2.16 MB

MaxMetaspaceSize: unlimited
CompressedClassSpaceSize: 1.00 GB
Initial GC threshold: 21.00 MB
Current GC threshold: 21.00 MB
CDS: on
MetaspaceReclaimPolicy: balanced
 - commit_granule_bytes: 65536.
 - commit_granule_words: 8192.
 - virtual_space_node_default_size: 8388608.
 - enlarge_chunks_in_place: 1.
 - new_chunks_are_fully_committed: 0.
 - uncommit_free_chunks: 1.
 - use_allocation_guard: 0.


Internal statistics:

num_allocs_failed_limit: 0.
num_arena_births: 310.
num_arena_deaths: 0.
num_vsnodes_births: 2.
num_vsnodes_deaths: 0.
num_space_committed: 280.
num_space_uncommitted: 0.
num_chunks_returned_to_freelist: 0.
num_chunks_taken_from_freelist: 528.
num_chunk_merges: 0.
num_chunk_splits: 340.
num_chunks_enlarged: 223.
num_inconsistent_stats: 0.

CodeHeap 'non-profiled nmethods': size=120000Kb used=1206Kb max_used=1206Kb free=118793Kb
 bounds [0x0000013b2e310000, 0x0000013b2e580000, 0x0000013b35840000]
CodeHeap 'profiled nmethods': size=120000Kb used=5831Kb max_used=5831Kb free=114168Kb
 bounds [0x0000013b26840000, 0x0000013b26e00000, 0x0000013b2dd70000]
CodeHeap 'non-nmethods': size=5760Kb used=1494Kb max_used=1516Kb free=4265Kb
 bounds [0x0000013b2dd70000, 0x0000013b2dfe0000, 0x0000013b2e310000]
 total_blobs=3656 nmethods=2904 adapters=661
 compilation: enabled
              stopped_count=0, restarted_count=0
 full_count=0

Compilation events (20 events):
Event: 71.719 Thread 0x0000013b41af0ec0 nmethod 2897 0x0000013b2e43b610 code [0x0000013b2e43b7a0, 0x0000013b2e43b878]
Event: 71.726 Thread 0x0000013b41ae6970 nmethod 2888 0x0000013b2e43b910 code [0x0000013b2e43baa0, 0x0000013b2e43c098]
Event: 71.726 Thread 0x0000013b41ae6970 2889       4       sun.java2d.SunGraphics2D::setRenderingHint (543 bytes)
Event: 71.731 Thread 0x0000013b41ae6970 nmethod 2889 0x0000013b2e43c410 code [0x0000013b2e43c600, 0x0000013b2e43d0a8]
Event: 71.731 Thread 0x0000013b41ae6970 2882       4       sun.java2d.marlin.FloatMath::ceil_int (29 bytes)
Event: 71.731 Thread 0x0000013b41ae6970 nmethod 2882 0x0000013b2e43d610 code [0x0000013b2e43d7a0, 0x0000013b2e43d878]
Event: 72.218 Thread 0x0000013b41af0ec0 2899       3       sun.font.CMap$CMapFormat4::getGlyph (203 bytes)
Event: 72.219 Thread 0x0000013b41af0ec0 nmethod 2899 0x0000013b26dec910 code [0x0000013b26decb20, 0x0000013b26ded178]
Event: 72.219 Thread 0x0000013b41af0ec0 2898   !   3       sun.font.TrueTypeGlyphMapper::getGlyphFromCMAP (71 bytes)
Event: 72.219 Thread 0x0000013b41af0ec0 nmethod 2898 0x0000013b26ded510 code [0x0000013b26ded7a0, 0x0000013b26dee1d8]
Event: 72.219 Thread 0x0000013b41af0ec0 2900       3       sun.font.CMap::getControlCodeGlyph (60 bytes)
Event: 72.219 Thread 0x0000013b41af0ec0 nmethod 2900 0x0000013b26dee690 code [0x0000013b26dee840, 0x0000013b26deeb18]
Event: 72.219 Thread 0x0000013b41af0ec0 2901  s    3       java.awt.geom.Path2D::closePath (46 bytes)
Event: 72.219 Thread 0x0000013b41af0ec0 nmethod 2901 0x0000013b26deeb90 code [0x0000013b26deed40, 0x0000013b26def0c8]
Event: 72.227 Thread 0x0000013b41af0ec0 2902       3       javax.swing.DefaultButtonModel::isPressed (15 bytes)
Event: 72.227 Thread 0x0000013b41af0ec0 nmethod 2902 0x0000013b26def210 code [0x0000013b26def3a0, 0x0000013b26def518]
Event: 73.731 Thread 0x0000013b41af0ec0 2903       3       com.formdev.flatlaf.ui.FlatUIUtils::setRenderingHints (64 bytes)
Event: 73.731 Thread 0x0000013b41af0ec0 nmethod 2903 0x0000013b26def590 code [0x0000013b26def7a0, 0x0000013b26df00d8]
Event: 73.849 Thread 0x0000013b41af0ec0 2904       3       java.awt.Container::recursiveHideHeavyweightChildren (78 bytes)
Event: 73.849 Thread 0x0000013b41af0ec0 nmethod 2904 0x0000013b26df0290 code [0x0000013b26df0560, 0x0000013b26df1788]

GC Heap History (2 events):
Event: 7.776 GC heap before
{Heap before GC invocations=0 (full 0):
 garbage-first heap   total 258048K, used 22528K [0x0000000705000000, 0x0000000800000000)
  region size 2048K, 11 young (22528K), 0 survivors (0K)
 Metaspace       used 13403K, committed 13696K, reserved 1114112K
  class space    used 1474K, committed 1600K, reserved 1048576K
}
Event: 7.781 GC heap after
{Heap after GC invocations=1 (full 0):
 garbage-first heap   total 258048K, used 6287K [0x0000000705000000, 0x0000000800000000)
  region size 2048K, 2 young (4096K), 2 survivors (4096K)
 Metaspace       used 13403K, committed 13696K, reserved 1114112K
  class space    used 1474K, committed 1600K, reserved 1048576K
}

Dll operation events (14 events):
Event: 0.004 Loaded shared library C:\Program Files\Java\jdk-19\bin\java.dll
Event: 0.011 Loaded shared library C:\Program Files\Java\jdk-19\bin\jsvml.dll
Event: 0.043 Loaded shared library C:\Program Files\Java\jdk-19\bin\net.dll
Event: 0.044 Loaded shared library C:\Program Files\Java\jdk-19\bin\nio.dll
Event: 0.048 Loaded shared library C:\Program Files\Java\jdk-19\bin\zip.dll
Event: 0.099 Loaded shared library C:\Program Files\Java\jdk-19\bin\jimage.dll
Event: 0.122 Loaded shared library C:\Program Files\Java\jdk-19\bin\awt.dll
Event: 0.181 Loaded shared library C:\Program Files\Java\jdk-19\bin\freetype.dll
Event: 0.181 Loaded shared library C:\Program Files\Java\jdk-19\bin\fontmanager.dll
Event: 0.296 Loaded shared library C:\Users\Hector Angel Gomez\AppData\Local\Temp\flatlaf.temp\flatlaf-windows-x86_64-10085027561541000.dll
Event: 7.660 Loaded shared library C:\Program Files\Java\jdk-19\bin\extnet.dll
Event: 7.666 Loaded shared library C:\Program Files\Java\jdk-19\bin\management.dll
Event: 7.668 Loaded shared library C:\Program Files\Java\jdk-19\bin\management_ext.dll
Event: 8.002 Loaded shared library C:\Program Files\Java\jdk-19\bin\javajpeg.dll

Deoptimization events (20 events):
Event: 58.584 Thread 0x0000013b4638bc90 DEOPT PACKING pc=0x0000013b26bd7add sp=0x0000000310bfd450
Event: 58.584 Thread 0x0000013b4638bc90 DEOPT UNPACKING pc=0x0000013b2dddb0e3 sp=0x0000000310bfc848 mode 0
Event: 58.585 Thread 0x0000013b4638bc90 DEOPT PACKING pc=0x0000013b26bd7add sp=0x0000000310bfd430
Event: 58.585 Thread 0x0000013b4638bc90 DEOPT UNPACKING pc=0x0000013b2dddb0e3 sp=0x0000000310bfc828 mode 0
Event: 58.590 Thread 0x0000013b4638bc90 DEOPT PACKING pc=0x0000013b26bd7add sp=0x0000000310bfda30
Event: 58.590 Thread 0x0000013b4638bc90 DEOPT UNPACKING pc=0x0000013b2dddb0e3 sp=0x0000000310bfce28 mode 0
Event: 58.590 Thread 0x0000013b4638bc90 DEOPT PACKING pc=0x0000013b26bd7b1f sp=0x0000000310bfda30
Event: 58.590 Thread 0x0000013b4638bc90 DEOPT UNPACKING pc=0x0000013b2dddb0e3 sp=0x0000000310bfce30 mode 0
Event: 58.590 Thread 0x0000013b4638bc90 DEOPT PACKING pc=0x0000013b26bd7afe sp=0x0000000310bfda30
Event: 58.590 Thread 0x0000013b4638bc90 DEOPT UNPACKING pc=0x0000013b2dddb0e3 sp=0x0000000310bfce30 mode 0
Event: 58.591 Thread 0x0000013b4638bc90 DEOPT PACKING pc=0x0000013b26bd7afe sp=0x0000000310bfda10
Event: 58.591 Thread 0x0000013b4638bc90 DEOPT UNPACKING pc=0x0000013b2dddb0e3 sp=0x0000000310bfce10 mode 0
Event: 58.593 Thread 0x0000013b4638bc90 DEOPT PACKING pc=0x0000013b26bd7add sp=0x0000000310bfcd50
Event: 58.593 Thread 0x0000013b4638bc90 DEOPT UNPACKING pc=0x0000013b2dddb0e3 sp=0x0000000310bfc148 mode 0
Event: 61.034 Thread 0x0000013b4638bc90 DEOPT PACKING pc=0x0000013b26c50257 sp=0x0000000310bfdae0
Event: 61.034 Thread 0x0000013b4638bc90 DEOPT UNPACKING pc=0x0000013b2dddb0e3 sp=0x0000000310bfcf78 mode 0
Event: 62.111 Thread 0x0000013b4638bc90 Uncommon trap: trap_request=0xffffff45 fr.pc=0x0000013b2e40aa70 relative=0x0000000000000d10
Event: 62.111 Thread 0x0000013b4638bc90 Uncommon trap: reason=unstable_if action=reinterpret pc=0x0000013b2e40aa70 method=sun.java2d.marlin.MarlinCache.copyAARowRLE_WithBlockFlags([I[IIII)V @ 462 c2
Event: 62.111 Thread 0x0000013b4638bc90 DEOPT PACKING pc=0x0000013b2e40aa70 sp=0x0000000310bfbea0
Event: 62.111 Thread 0x0000013b4638bc90 DEOPT UNPACKING pc=0x0000013b2ddda5a3 sp=0x0000000310bfbd88 mode 2

Classes loaded (20 events):
Event: 61.066 Loading class java/util/Vector$Itr
Event: 61.066 Loading class java/util/Vector$Itr done
Event: 61.067 Loading class java/awt/WaitDispatchSupport
Event: 61.067 Loading class java/awt/SecondaryLoop
Event: 61.067 Loading class java/awt/SecondaryLoop done
Event: 61.067 Loading class java/awt/WaitDispatchSupport done
Event: 61.067 Loading class java/awt/WaitDispatchSupport$5
Event: 61.067 Loading class java/awt/WaitDispatchSupport$5 done
Event: 61.067 Loading class java/awt/WaitDispatchSupport$1
Event: 61.067 Loading class java/awt/WaitDispatchSupport$1 done
Event: 61.067 Loading class java/awt/WaitDispatchSupport$2
Event: 61.067 Loading class java/awt/WaitDispatchSupport$2 done
Event: 61.067 Loading class java/awt/WaitDispatchSupport$4
Event: 61.067 Loading class java/awt/WaitDispatchSupport$4 done
Event: 61.074 Loading class java/awt/geom/Ellipse2D$Float
Event: 61.074 Loading class java/awt/geom/Ellipse2D
Event: 61.074 Loading class java/awt/geom/Ellipse2D done
Event: 61.074 Loading class java/awt/geom/Ellipse2D$Float done
Event: 61.074 Loading class java/awt/geom/EllipseIterator
Event: 61.074 Loading class java/awt/geom/EllipseIterator done

Classes unloaded (0 events):
No events

Classes redefined (0 events):
No events

Internal exceptions (20 events):
Event: 0.332 Thread 0x0000013b1e8e4350 Exception <a 'java/lang/NoSuchMethodError'{0x0000000713e88a00}: 'void java.lang.invoke.DirectMethodHandle$Holder.invokeStaticInit(java.lang.Object)'> (0x0000000713e88a00) 
thrown [s\open\src\hotspot\share\interpreter\linkResolver.cpp, line 774]
Event: 0.367 Thread 0x0000013b465f4160 Exception <a 'java/lang/NoSuchMethodError'{0x0000000713f5f838}: 'java.lang.Object java.lang.invoke.DirectMethodHandle$Holder.newInvokeSpecial(java.lang.Object, java.lang.Object, java.lang.Object, int, int, int, int, int)'> (0x0000000713f5f838) 
thrown [s\open\src\hotspot\share\interpreter\linkResolver.cpp, line 774]
Event: 0.419 Thread 0x0000013b4638bc90 Exception <a 'java/lang/NoSuchMethodError'{0x0000000713c0ec58}: 'void java.lang.invoke.DirectMethodHandle$Holder.invokeVirtual(java.lang.Object, java.lang.Object, java.lang.Object, int, int, int, int, double)'> (0x0000000713c0ec58) 
thrown [s\open\src\hotspot\share\interpreter\linkResolver.cpp, line 774]
Event: 0.427 Thread 0x0000013b4638bc90 Exception <a 'java/lang/NoSuchMethodError'{0x0000000713c78110}: 'int java.lang.invoke.DirectMethodHandle$Holder.invokeSpecial(java.lang.Object, java.lang.Object, java.lang.Object, int)'> (0x0000000713c78110) 
thrown [s\open\src\hotspot\share\interpreter\linkResolver.cpp, line 774]
Event: 0.428 Thread 0x0000013b4638bc90 Exception <a 'java/lang/NoSuchMethodError'{0x0000000713c8a8e8}: 'java.lang.Object java.lang.invoke.DirectMethodHandle$Holder.invokeStatic(java.lang.Object, java.lang.Object, java.lang.Object, java.lang.Object, int)'> (0x0000000713c8a8e8) 
thrown [s\open\src\hotspot\share\interpreter\linkResolver.cpp, line 774]
Event: 0.429 Thread 0x0000013b4638bc90 Exception <a 'java/lang/NoSuchMethodError'{0x0000000713c997c8}: 'float java.lang.invoke.DelegatingMethodHandle$Holder.reinvoke_L(java.lang.Object, java.lang.Object, int)'> (0x0000000713c997c8) 
thrown [s\open\src\hotspot\share\interpreter\linkResolver.cpp, line 774]
Event: 0.429 Thread 0x0000013b4638bc90 Exception <a 'java/lang/NoSuchMethodError'{0x0000000713ca4440}: 'void java.lang.invoke.DelegatingMethodHandle$Holder.reinvoke_L(java.lang.Object, java.lang.Object, java.lang.Object, java.lang.Object, int, float, float)'> (0x0000000713ca4440) 
thrown [s\open\src\hotspot\share\interpreter\linkResolver.cpp, line 774]
Event: 0.430 Thread 0x0000013b4638bc90 Exception <a 'java/lang/NoSuchMethodError'{0x0000000713cb3bf0}: 'int java.lang.invoke.DirectMethodHandle$Holder.invokeSpecial(java.lang.Object, java.lang.Object, java.lang.Object)'> (0x0000000713cb3bf0) 
thrown [s\open\src\hotspot\share\interpreter\linkResolver.cpp, line 774]
Event: 0.432 Thread 0x0000013b4638bc90 Exception <a 'java/lang/NoSuchMethodError'{0x0000000713cca368}: 'java.lang.Object java.lang.invoke.DirectMethodHandle$Holder.invokeStatic(java.lang.Object, java.lang.Object, int)'> (0x0000000713cca368) 
thrown [s\open\src\hotspot\share\interpreter\linkResolver.cpp, line 774]
Event: 0.432 Thread 0x0000013b4638bc90 Exception <a 'java/lang/NoSuchMethodError'{0x0000000713cd5908}: 'void java.lang.invoke.DelegatingMethodHandle$Holder.delegate(java.lang.Object, java.lang.Object, int, java.lang.Object)'> (0x0000000713cd5908) 
thrown [s\open\src\hotspot\share\interpreter\linkResolver.cpp, line 774]
Event: 7.628 Thread 0x0000013b4638bc90 Exception <a 'java/lang/NoSuchMethodError'{0x0000000713b7a678}: method resolution failed> (0x0000000713b7a678) 
thrown [s\open\src\hotspot\share\prims\methodHandles.cpp, line 1268]
Event: 7.629 Thread 0x0000013b4638bc90 Exception <a 'java/lang/NoSuchMethodError'{0x0000000713b84d98}: 'java.lang.Object java.lang.invoke.Invokers$Holder.invokeExact_MT(java.lang.Object, java.lang.Object, java.lang.Object, java.lang.Object, java.lang.Object)'> (0x0000000713b84d98) 
thrown [s\open\src\hotspot\share\interpreter\linkResolver.cpp, line 774]
Event: 7.631 Thread 0x0000013b4638bc90 Exception <a 'java/lang/NoSuchMethodError'{0x0000000713babf98}: 'java.lang.Object java.lang.invoke.DirectMethodHandle$Holder.invokeVirtual(java.lang.Object, java.lang.Object, java.lang.Object, java.lang.Object)'> (0x0000000713babf98) 
thrown [s\open\src\hotspot\share\interpreter\linkResolver.cpp, line 774]
Event: 7.637 Thread 0x0000013b4638bc90 Exception <a 'java/lang/NoSuchMethodError'{0x0000000713811c80}: 'int java.lang.invoke.DirectMethodHandle$Holder.invokeStaticInit(java.lang.Object, java.lang.Object, java.lang.Object, java.lang.Object)'> (0x0000000713811c80) 
thrown [s\open\src\hotspot\share\interpreter\linkResolver.cpp, line 774]
Event: 7.638 Thread 0x0000013b4638bc90 Exception <a 'java/lang/IncompatibleClassChangeError'{0x000000071381b0b8}: Found class java.lang.Object, but interface was expected> (0x000000071381b0b8) 
thrown [s\open\src\hotspot\share\interpreter\linkResolver.cpp, line 841]
Event: 7.638 Thread 0x0000013b4638bc90 Exception <a 'java/lang/NoSuchMethodError'{0x000000071381e0e8}: 'void java.lang.invoke.DirectMethodHandle$Holder.invokeStaticInit(java.lang.Object, java.lang.Object)'> (0x000000071381e0e8) 
thrown [s\open\src\hotspot\share\interpreter\linkResolver.cpp, line 774]
Event: 7.638 Thread 0x0000013b4638bc90 Exception <a 'java/lang/NoSuchMethodError'{0x0000000713824468}: 'int java.lang.invoke.DirectMethodHandle$Holder.invokeStaticInit(java.lang.Object, java.lang.Object)'> (0x0000000713824468) 
thrown [s\open\src\hotspot\share\interpreter\linkResolver.cpp, line 774]
Event: 7.799 Thread 0x0000013b4638bc90 Exception <a 'java/lang/NoSuchMethodError'{0x0000000714b8bc20}: 'java.lang.Object java.lang.invoke.DirectMethodHandle$Holder.invokeStaticInit(java.lang.Object, java.lang.Object, java.lang.Object)'> (0x0000000714b8bc20) 
thrown [s\open\src\hotspot\share\interpreter\linkResolver.cpp, line 774]
Event: 7.998 Thread 0x0000013b464db220 Implicit null exception at 0x0000013b2e36c072 to 0x0000013b2e36c5dc
Event: 7.998 Thread 0x0000013b464db220 Implicit null exception at 0x0000013b2e35bf72 to 0x0000013b2e35c4d4

VM Operations (20 events):
Event: 57.181 Executing VM operation: Cleanup
Event: 57.181 Executing VM operation: Cleanup done
Event: 58.184 Executing VM operation: Cleanup
Event: 58.184 Executing VM operation: Cleanup done
Event: 59.195 Executing VM operation: Cleanup
Event: 59.195 Executing VM operation: Cleanup done
Event: 60.210 Executing VM operation: Cleanup
Event: 60.210 Executing VM operation: Cleanup done
Event: 61.046 Executing VM operation: HandshakeAllThreads
Event: 61.046 Executing VM operation: HandshakeAllThreads done
Event: 62.046 Executing VM operation: Cleanup
Event: 62.046 Executing VM operation: Cleanup done
Event: 63.048 Executing VM operation: Cleanup
Event: 63.048 Executing VM operation: Cleanup done
Event: 68.093 Executing VM operation: Cleanup
Event: 68.093 Executing VM operation: Cleanup done
Event: 72.136 Executing VM operation: Cleanup
Event: 72.137 Executing VM operation: Cleanup done
Event: 73.137 Executing VM operation: Cleanup
Event: 73.137 Executing VM operation: Cleanup done

Events (20 events):
Event: 0.077 Thread 0x0000013b45eb3930 Thread added: 0x0000013b45eb3930
Event: 0.146 Thread 0x0000013b45eb1400 Thread added: 0x0000013b45eb1400
Event: 0.146 Thread 0x0000013b45f12820 Thread added: 0x0000013b45f12820
Event: 0.147 Thread 0x0000013b45f12d60 Thread added: 0x0000013b45f12d60
Event: 0.319 Thread 0x0000013b4638bc90 Thread added: 0x0000013b4638bc90
Event: 0.365 Thread 0x0000013b465f4160 Thread added: 0x0000013b465f4160
Event: 0.408 Thread 0x0000013b1e8e4350 Thread exited: 0x0000013b1e8e4350
Event: 0.408 Thread 0x0000013b1e8e4350 Thread added: 0x0000013b1e8e4350
Event: 0.456 Thread 0x0000013b46687f80 Thread added: 0x0000013b46687f80
Event: 0.963 Thread 0x0000013b45eb3930 Thread exited: 0x0000013b45eb3930
Event: 5.369 Thread 0x0000013b465f4160 Thread exited: 0x0000013b465f4160
Event: 7.800 Thread 0x0000013b4637f550 Thread added: 0x0000013b4637f550
Event: 7.996 Thread 0x0000013b464db220 Thread added: 0x0000013b464db220
Event: 13.008 Thread 0x0000013b464db220 Thread exited: 0x0000013b464db220
Event: 56.871 Thread 0x0000013b4648fde0 Thread added: 0x0000013b4648fde0
Event: 56.874 Thread 0x0000013b46490360 Thread added: 0x0000013b46490360
Event: 57.611 Thread 0x0000013b46490360 Thread exited: 0x0000013b46490360
Event: 57.611 Thread 0x0000013b4648fde0 Thread exited: 0x0000013b4648fde0
Event: 58.593 Thread 0x0000013b46495a80 Thread added: 0x0000013b46495a80
Event: 59.105 Thread 0x0000013b46495a80 Thread exited: 0x0000013b46495a80


Dynamic libraries:
0x00007ff790d90000 - 0x00007ff790da0000 	C:\Program Files\Java\jdk-19\bin\java.exe
0x00007ffd68a80000 - 0x00007ffd68c89000 	C:\windows\SYSTEM32\ntdll.dll
0x00007ffd66ef0000 - 0x00007ffd66fae000 	C:\windows\System32\KERNEL32.DLL
0x00007ffd663f0000 - 0x00007ffd6676c000 	C:\windows\System32\KERNELBASE.dll
0x00007ffd65f50000 - 0x00007ffd66061000 	C:\windows\System32\ucrtbase.dll
0x00007ffd5a050000 - 0x00007ffd5a068000 	C:\Program Files\Java\jdk-19\bin\jli.dll
0x00007ffd255d0000 - 0x00007ffd255eb000 	C:\Program Files\Java\jdk-19\bin\VCRUNTIME140.dll
0x00007ffd67910000 - 0x00007ffd679be000 	C:\windows\System32\ADVAPI32.dll
0x00007ffd669a0000 - 0x00007ffd66a43000 	C:\windows\System32\msvcrt.dll
0x00007ffd66900000 - 0x00007ffd6699e000 	C:\windows\System32\sechost.dll
0x00007ffd66fb0000 - 0x00007ffd670d0000 	C:\windows\System32\RPCRT4.dll
0x00007ffd67de0000 - 0x00007ffd67f8d000 	C:\windows\System32\USER32.dll
0x00007ffd66770000 - 0x00007ffd66796000 	C:\windows\System32\win32u.dll
0x00007ffd56b20000 - 0x00007ffd56dc5000 	C:\windows\WinSxS\amd64_microsoft.windows.common-controls_6595b64144ccf1df_6.0.22000.120_none_9d947278b86cc467\COMCTL32.dll
0x00007ffd66a70000 - 0x00007ffd66a99000 	C:\windows\System32\GDI32.dll
0x00007ffd662d0000 - 0x00007ffd663e8000 	C:\windows\System32\gdi32full.dll
0x00007ffd667a0000 - 0x00007ffd6683d000 	C:\windows\System32\msvcp_win.dll
0x00007ffd5b470000 - 0x00007ffd5b47a000 	C:\windows\SYSTEM32\VERSION.dll
0x00007ffd67d40000 - 0x00007ffd67d72000 	C:\windows\System32\IMM32.DLL
0x00007ffd354f0000 - 0x00007ffd354fc000 	C:\Program Files\Java\jdk-19\bin\vcruntime140_1.dll
0x00007ffd196d0000 - 0x00007ffd1975e000 	C:\Program Files\Java\jdk-19\bin\msvcp140.dll
0x00007ffd03bb0000 - 0x00007ffd04870000 	C:\Program Files\Java\jdk-19\bin\server\jvm.dll
0x00007ffd45c70000 - 0x00007ffd45c79000 	C:\windows\SYSTEM32\WSOCK32.dll
0x00007ffd678a0000 - 0x00007ffd6790f000 	C:\windows\System32\WS2_32.dll
0x00007ffd5d580000 - 0x00007ffd5d5b3000 	C:\windows\SYSTEM32\WINMM.dll
0x00007ffd650c0000 - 0x00007ffd650d8000 	C:\windows\SYSTEM32\kernel.appcore.dll
0x00007ffd35020000 - 0x00007ffd3502a000 	C:\Program Files\Java\jdk-19\bin\jimage.dll
0x00007ffd636a0000 - 0x00007ffd638c1000 	C:\windows\SYSTEM32\DBGHELP.DLL
0x00007ffd5a360000 - 0x00007ffd5a391000 	C:\windows\SYSTEM32\dbgcore.DLL
0x00007ffd660e0000 - 0x00007ffd6615f000 	C:\windows\System32\bcryptPrimitives.dll
0x00007ffd22c90000 - 0x00007ffd22cb6000 	C:\Program Files\Java\jdk-19\bin\java.dll
0x00007ffd19900000 - 0x00007ffd199d7000 	C:\Program Files\Java\jdk-19\bin\jsvml.dll
0x00007ffd670d0000 - 0x00007ffd67895000 	C:\windows\System32\SHELL32.dll
0x00007ffd64010000 - 0x00007ffd64875000 	C:\windows\SYSTEM32\windows.storage.dll
0x00007ffd679c0000 - 0x00007ffd67d38000 	C:\windows\System32\combase.dll
0x00007ffd63ea0000 - 0x00007ffd64006000 	C:\windows\SYSTEM32\wintypes.dll
0x00007ffd682b0000 - 0x00007ffd6839a000 	C:\windows\System32\SHCORE.dll
0x00007ffd66e30000 - 0x00007ffd66e8d000 	C:\windows\System32\shlwapi.dll
0x00007ffd65e80000 - 0x00007ffd65ea1000 	C:\windows\SYSTEM32\profapi.dll
0x00007ffd25500000 - 0x00007ffd25513000 	C:\Program Files\Java\jdk-19\bin\net.dll
0x00007ffd5fb50000 - 0x00007ffd5fc64000 	C:\windows\SYSTEM32\WINHTTP.dll
0x00007ffd65560000 - 0x00007ffd655c7000 	C:\windows\system32\mswsock.dll
0x00007ffd221d0000 - 0x00007ffd221e6000 	C:\Program Files\Java\jdk-19\bin\nio.dll
0x00007ffd221b0000 - 0x00007ffd221c8000 	C:\Program Files\Java\jdk-19\bin\zip.dll
0x00007ffd19760000 - 0x00007ffd198f1000 	C:\Program Files\Java\jdk-19\bin\awt.dll
0x00007ffd66b90000 - 0x00007ffd66c66000 	C:\windows\System32\OLEAUT32.dll
0x00007ffd63080000 - 0x00007ffd63111000 	C:\windows\SYSTEM32\apphelp.dll
0x00007ffd631a0000 - 0x00007ffd6324c000 	C:\windows\system32\uxtheme.dll
0x00007ffd684a0000 - 0x00007ffd685bd000 	C:\windows\System32\MSCTF.dll
0x00007ffd68060000 - 0x00007ffd681fa000 	C:\windows\System32\ole32.dll
0x00007ffd19640000 - 0x00007ffd196c6000 	C:\Program Files\Java\jdk-19\bin\freetype.dll
0x00007ffd19590000 - 0x00007ffd19639000 	C:\Program Files\Java\jdk-19\bin\fontmanager.dll
0x00007ffd633e0000 - 0x00007ffd6340f000 	C:\windows\system32\DWMAPI.DLL
0x00007ffd349a0000 - 0x00007ffd34aa1000 	C:\windows\system32\opengl32.dll
0x00007ffd392c0000 - 0x00007ffd392ed000 	C:\windows\SYSTEM32\GLU32.dll
0x00007ffd63280000 - 0x00007ffd632b8000 	C:\windows\SYSTEM32\dxcore.dll
0x00007ffd62980000 - 0x00007ffd62986000 	C:\Users\Hector Angel Gomez\AppData\Local\Temp\flatlaf.temp\flatlaf-windows-x86_64-10085027561541000.dll
0x00007ffd2c850000 - 0x00007ffd2c857000 	C:\Program Files\Java\jdk-19\bin\jawt.dll
0x00007ffd68200000 - 0x00007ffd682af000 	C:\windows\System32\clbcatq.dll
0x00007ffd5f910000 - 0x00007ffd5fabe000 	C:\windows\SYSTEM32\WindowsCodecs.dll
0x00007ffd4ed60000 - 0x00007ffd4edbd000 	C:\windows\system32\dataexchange.dll
0x00007ffd5ee80000 - 0x00007ffd5f0e6000 	C:\windows\system32\twinapi.appcore.dll
0x00007ffd402f0000 - 0x00007ffd4041d000 	C:\windows\SYSTEM32\textinputframework.dll
0x00007ffd45060000 - 0x00007ffd450c9000 	C:\windows\system32\Oleacc.dll
0x00007ffd62d90000 - 0x00007ffd62ec1000 	C:\windows\SYSTEM32\CoreMessaging.dll
0x00007ffd60be0000 - 0x00007ffd60f4d000 	C:\windows\SYSTEM32\CoreUIComponents.dll
0x00007ffd657c0000 - 0x00007ffd657cc000 	C:\windows\SYSTEM32\CRYPTBASE.DLL
0x00007ffd64bc0000 - 0x00007ffd64ca8000 	C:\windows\SYSTEM32\DNSAPI.dll
0x00007ffd64b40000 - 0x00007ffd64b6d000 	C:\windows\SYSTEM32\IPHLPAPI.DLL
0x00007ffd67fa0000 - 0x00007ffd67fa9000 	C:\windows\System32\NSI.dll
0x00007ffd56dd0000 - 0x00007ffd56dda000 	C:\Windows\System32\rasadhlp.dll
0x00007ffd5d910000 - 0x00007ffd5d991000 	C:\windows\System32\fwpuclnt.dll
0x00007ffd2f640000 - 0x00007ffd2f648000 	C:\Program Files\Java\jdk-19\bin\extnet.dll
0x00007ffd2ed70000 - 0x00007ffd2ed7a000 	C:\Program Files\Java\jdk-19\bin\management.dll
0x00007ffd2d130000 - 0x00007ffd2d13b000 	C:\Program Files\Java\jdk-19\bin\management_ext.dll
0x00007ffd67f90000 - 0x00007ffd67f98000 	C:\windows\System32\PSAPI.DLL
0x00007ffd50d00000 - 0x00007ffd50d2e000 	C:\Program Files\Java\jdk-19\bin\javajpeg.dll

dbghelp: loaded successfully - version: 4.0.5 - missing functions: none
symbol engine: initialized successfully - sym options: 0x614 - pdb path: .;C:\Program Files\Java\jdk-19\bin;C:\windows\SYSTEM32;C:\windows\WinSxS\amd64_microsoft.windows.common-controls_6595b64144ccf1df_6.0.22000.120_none_9d947278b86cc467;C:\Program Files\Java\jdk-19\bin\server;C:\Users\Hector Angel Gomez\AppData\Local\Temp\flatlaf.temp

VM Arguments:
jvm_args: -Dfile.encoding=UTF-8 -DDATABASE_NAME=baseball -DDATABASE_PASSWORD=hectico2511 -DDATABASE_USERNAME=postgres -DDATABASE_PORT=5433 --module-path=C:\Users\Hector Angel Gomez\Desktop\Proyectos\BD_Final\bd_final_project\build\classes;C:\Users\Hector Angel Gomez\Desktop\Proyectos\BD_Final\bd_final_project\lib\postgresql-42.6.0.jar 
java_command: cu.edu.cujae.structbd.Main
java_class_path (initial): C:\Users\Hector Angel Gomez\Desktop\Proyectos\BD_Final\bd_final_project\lib\postgresql-42.6.0.jar;C:\Users\Hector Angel Gomez\Desktop\Proyectos\BD_Final\bd_final_project\lib\jcalendar-1.4.jar;C:\Program Files\NetBeans-15\netbeans\java\modules\ext\AbsoluteLayout.jar;C:\Users\Hector Angel Gomez\Desktop\Proyectos\BD_Final\bd_final_project\lib\jbcrypt.jar;C:\Users\Hector Angel Gomez\Desktop\Proyectos\BD_Final\bd_final_project\lib\flatlaf-1.2.jar;C:\Users\Hector Angel Gomez\Desktop\Proyectos\BD_Final\bd_final_project\lib\flatlaf-intellij-themes-1.2.jar;C:\Users\Hector Angel Gomez\Desktop\Proyectos\BD_Final\bd_final_project\lib\commons-beanutils-1.9.4.jar;C:\Users\Hector Angel Gomez\Desktop\Proyectos\BD_Final\bd_final_project\lib\commons-collections-3.2.2.jar;C:\Users\Hector Angel Gomez\Desktop\Proyectos\BD_Final\bd_final_project\lib\commons-collections4-4.2.jar;C:\Users\Hector Angel Gomez\Desktop\Proyectos\BD_Final\bd_final_project\lib\commons-digester-2.1.jar;C:\Users\Hector Angel Gomez\Desktop\Proyectos\BD_Final\bd_final_project\lib\commons-logging-1.1.1.jar;C:\Users\Hector Angel Gomez\Desktop\Proyectos\BD_Final\bd_final_project\lib\ecj-3.21.0.jar;C:\Users\Hector Angel Gomez\Desktop\Proyectos\BD_Final\bd_final_project\lib\jackson-annotations-2.14.1.jar;C:\Users\Hector Angel Gomez\Desktop\Proyectos\BD_Final\bd_final_project\lib\jackson-core-2.14.1.jar;C:\Users\Hector Angel Gomez\Desktop\Proyectos\BD_Final\bd_final_project\lib\jackson-databind-2.14.1.jar;C:\Users\Hector Angel Gomez\Desktop\Proyectos\BD_Final\bd_final_project\lib\jackson-dataformat-xml-2.14.1.jar;C:\Users\Hector Angel Gomez\Desktop\Proyectos\BD_Final\bd_final_project\lib\jasperreports-6.20.5.jar;C:\Users\Hector Angel Gomez\Desktop\Proyectos\BD_Final\bd_final_project\lib\jcommon-1.0.23.jar;C:\Users\Hector Angel Gomez\Desktop\Proyectos\BD_Final\bd_final_project\lib\jfreechart-1.0.19.jar;C:\Users\Hector Angel Gomez\Desktop\Proyectos\BD_Final\bd_final_project\lib\openpdf-1.3.30.jaspersoft.2.jar;C:\Users\Hector Angel Gomez\Desktop\Proyectos\BD_Final\bd_final_project\lib\stax2-api-4.2.1.jar;C:\Users\Hector Angel Gomez\Desktop\Proyectos\BD_Final\bd_final_project\lib\woodstox-core-6.4.0.jar;C:\Users\Hector Angel Gomez\Desktop\Proyectos\BD_Final\bd_final_project\build\classes
Launcher Type: SUN_STANDARD

[Global flags]
     intx CICompilerCount                          = 4                                         {product} {ergonomic}
     uint ConcGCThreads                            = 2                                         {product} {ergonomic}
     uint G1ConcRefinementThreads                  = 8                                         {product} {ergonomic}
   size_t G1HeapRegionSize                         = 2097152                                   {product} {ergonomic}
    uintx GCDrainStackTargetSize                   = 64                                        {product} {ergonomic}
   size_t InitialHeapSize                          = 264241152                                 {product} {ergonomic}
   size_t MarkStackSize                            = 4194304                                   {product} {ergonomic}
   size_t MaxHeapSize                              = 4211081216                                {product} {ergonomic}
   size_t MaxNewSize                               = 2524971008                                {product} {ergonomic}
   size_t MinHeapDeltaBytes                        = 2097152                                   {product} {ergonomic}
   size_t MinHeapSize                              = 8388608                                   {product} {ergonomic}
    uintx NonNMethodCodeHeapSize                   = 5839372                                {pd product} {ergonomic}
    uintx NonProfiledCodeHeapSize                  = 122909434                              {pd product} {ergonomic}
    uintx ProfiledCodeHeapSize                     = 122909434                              {pd product} {ergonomic}
    uintx ReservedCodeCacheSize                    = 251658240                              {pd product} {ergonomic}
     bool SegmentedCodeCache                       = true                                      {product} {ergonomic}
   size_t SoftMaxHeapSize                          = 4211081216                             {manageable} {ergonomic}
     bool UseCompressedClassPointers               = true                           {product lp64_product} {ergonomic}
     bool UseCompressedOops                        = true                           {product lp64_product} {ergonomic}
     bool UseG1GC                                  = true                                      {product} {ergonomic}
     bool UseLargePagesIndividualAllocation        = false                                  {pd product} {ergonomic}

Logging:
Log output configuration:
 #0: stdout all=warning uptime,level,tags foldmultilines=false
 #1: stderr all=off uptime,level,tags foldmultilines=false

Environment Variables:
PATH=C:\ffmpeg\bin;C:\Program Files\Common Files\Oracle\Java\javapath;C:\ProgramData\Oracle\Java\javapath;C:\Program Files\Eclipse Adoptium\jdk-17.0.2.8-hotspot\bin;c:\Program Files (x86)\Common Files\Intel\Shared Libraries\redist\intel64\compiler;C:\windows\system32;C:\windows;C:\windows\System32\Wbem;C:\windows\System32\WindowsPowerShell\v1.0\;C:\windows\System32\OpenSSH\;C:\Users\Hector Angel Gomez\AppData\Roaming\nvm;C:\Program Files\nodejs;C:\Program Files\Git\cmd;C:\Users\Hector Angel Gomez\AppData\Local\Microsoft\WindowsApps;C:\Users\Hector Angel Gomez\AppData\Local\Programs\Microsoft VS Code\bin;c:\Users\Hector Angel Gomez\AppData\Roaming\npm;C:\Program Files\MongoDB\Server\5.0\bin;C:\Program Files\heroku\bin;C:\Program Files\nodejs\;C:\Program Files (x86)\dotnet\;C:\Program Files\Docker\Docker\resources\bin;C:\Program Files\MATLAB\R2014b\runtime\win64;C:\Program Files\MATLAB\R2014b\bin;C:\Users\Hector Angel Gomez\AppData\Local\Microsoft\WindowsApps;C:\Users\Hector Angel Gomez\AppData\Local\Programs\Microsoft VS Code\bin;C:\Users\Hector Angel Gomez\AppData\Roaming\nvm;C:\Program Files\nodejs;C:\Program Files\MongoDB\Server\5.0\bin;C:\Program Files\heroku\bin;C:\Users\Hector Angel Gomez\AppData\Roaming\npm;C:\Users\Hector Angel Gomez\AppData\Local\GitHubDesktop\bin;C:\Program Files\JetBrains\PyCharm Community Edition 2022.2.3\bin;;C:\Program Files\JetBrains\IntelliJ IDEA Community Edition 2023.1\bin;
USERNAME=Hector Angel Gomez
OS=Windows_NT
PROCESSOR_IDENTIFIER=Intel64 Family 6 Model 140 Stepping 1, GenuineIntel
TMP=C:\Users\HECTOR~1\AppData\Local\Temp
TEMP=C:\Users\HECTOR~1\AppData\Local\Temp



---------------  S Y S T E M  ---------------

OS:
 Windows 11 , 64 bit Build 22000 (10.0.22000.1516)
OS uptime: 11 days 16:09 hours
Hyper-V role detected

CPU: total 8 (initial active 8) (4 cores per cpu, 2 threads per core) family 6 model 140 stepping 1 microcode 0x9a, cx8, cmov, fxsr, ht, mmx, 3dnowpref, sse, sse2, sse3, ssse3, sse4.1, sse4.2, popcnt, lzcnt, tsc, tscinvbit, avx, avx2, aes, erms, clmul, bmi1, bmi2, adx, avx512f, avx512dq, avx512cd, avx512bw, avx512vl, sha, fma, vzeroupper, avx512_vpopcntdq, avx512_vpclmulqdq, avx512_vaes, avx512_vnni, clflush, clflushopt, clwb, avx512_vbmi2, avx512_vbmi, hv, rdtscp, rdpid, fsrm, gfni, avx512_bitalg

Memory: 4k page, system-wide physical 16057M (7161M free)
TotalPageFile size 18489M (AvailPageFile size 5944M)
current process WorkingSet (physical memory assigned to process): 124M, peak: 124M
current process commit charge ("private bytes"): 387M, peak: 387M

vm_info: Java HotSpot(TM) 64-Bit Server VM (19+36-2238) for windows-amd64 JRE (19+36-2238), built on 2022-08-12T20:29:01Z by "mach5one" with MS VC++ 17.1 (VS2022)

END.
